<?xml version="1.0" encoding="UTF-8"?>
<!-- Generated by org.testng.reporters.JUnitXMLReporter -->
<testsuite ignored="0" hostname="INCHCMLP12064" failures="1" tests="2" name="Default test" time="12.032" errors="0" timestamp="2022-09-02T14:15:53 IST">
  <testcase classname="io.cucumber.testng.AbstractTestNGCucumberTests" name="runScenario" time="11.539"/>
  <testcase classname="io.cucumber.testng.AbstractTestNGCucumberTests" name="runScenario" time="0.025">
    <failure type="java.lang.NullPointerException">
      <![CDATA[java.lang.NullPointerException
at stepdefiniton.ConfirmationSteps.user_entered_the_following_details(ConfirmationSteps.java:29)
at ✽.user entered the following details(file:///C:/Users/sv00810786/eclipse-workspace/FlightBooking/src/test/java/features/booking.feature:10)
]]>
    </failure>
  </testcase> <!-- runScenario -->
</testsuite> <!-- Default test -->
