<?xml version="1.0" encoding="UTF-8"?>
<testng-results ignored="0" total="2" passed="1" failed="1" skipped="0">
  <reporter-output>
  </reporter-output>
  <suite started-at="2022-09-02T14:15:41 IST" name="Default suite" finished-at="2022-09-02T14:15:53 IST" duration-ms="12032">
    <groups>
      <group name="cucumber">
        <method signature="AbstractTestNGCucumberTests.runScenario(io.cucumber.testng.PickleWrapper,io.cucumber.testng.FeatureWrapper)[pri:0, instance:testrunner.Testrunner@6c1a5b54]" name="runScenario" class="io.cucumber.testng.AbstractTestNGCucumberTests"/>
      </group> <!-- cucumber -->
    </groups>
    <test started-at="2022-09-02T14:15:41 IST" name="Default test" finished-at="2022-09-02T14:15:53 IST" duration-ms="12032">
      <class name="testrunner.Testrunner">
        <test-method is-config="true" signature="setUpClass(org.testng.ITestContext)[pri:0, instance:testrunner.Testrunner@6c1a5b54]" started-at="2022-09-02T14:15:41 IST" name="setUpClass" finished-at="2022-09-02T14:15:41 IST" duration-ms="362" status="PASS">
          <params>
            <param index="0">
              <value>
                <![CDATA[org.testng.TestRunner@3c87fdf2]]>
              </value>
            </param>
          </params>
          <reporter-output>
          </reporter-output>
        </test-method> <!-- setUpClass -->
        <test-method signature="runScenario(io.cucumber.testng.PickleWrapper,io.cucumber.testng.FeatureWrapper)[pri:0, instance:testrunner.Testrunner@6c1a5b54]" started-at="2022-09-02T14:15:42 IST" name="runScenario" description="Runs Cucumber Scenarios" data-provider="scenarios" finished-at="2022-09-02T14:15:53 IST" duration-ms="11539" status="PASS">
          <params>
            <param index="0">
              <value>
                <![CDATA["when user is onn the booking site"]]>
              </value>
            </param>
            <param index="1">
              <value>
                <![CDATA["Booking flight"]]>
              </value>
            </param>
          </params>
          <reporter-output>
          </reporter-output>
        </test-method> <!-- runScenario -->
        <test-method signature="runScenario(io.cucumber.testng.PickleWrapper,io.cucumber.testng.FeatureWrapper)[pri:0, instance:testrunner.Testrunner@6c1a5b54]" started-at="2022-09-02T14:15:53 IST" name="runScenario" description="Runs Cucumber Scenarios" data-provider="scenarios" finished-at="2022-09-02T14:15:53 IST" duration-ms="25" status="FAIL">
          <params>
            <param index="0">
              <value>
                <![CDATA["when user had chose the flight"]]>
              </value>
            </param>
            <param index="1">
              <value>
                <![CDATA["Booking flight"]]>
              </value>
            </param>
          </params>
          <exception class="java.lang.NullPointerException">
            <full-stacktrace>
              <![CDATA[java.lang.NullPointerException
at stepdefiniton.ConfirmationSteps.user_entered_the_following_details(ConfirmationSteps.java:29)
at ✽.user entered the following details(file:///C:/Users/sv00810786/eclipse-workspace/FlightBooking/src/test/java/features/booking.feature:10)
]]>
            </full-stacktrace>
          </exception> <!-- java.lang.NullPointerException -->
          <reporter-output>
          </reporter-output>
        </test-method> <!-- runScenario -->
        <test-method is-config="true" signature="tearDownClass()[pri:0, instance:testrunner.Testrunner@6c1a5b54]" started-at="2022-09-02T14:15:53 IST" name="tearDownClass" finished-at="2022-09-02T14:15:53 IST" duration-ms="26" status="PASS">
          <reporter-output>
          </reporter-output>
        </test-method> <!-- tearDownClass -->
      </class> <!-- testrunner.Testrunner -->
    </test> <!-- Default test -->
  </suite> <!-- Default suite -->
</testng-results>
