<?xml version="1.0" encoding="UTF-8"?>
<!-- Generated by org.testng.reporters.JUnitReportReporter -->
<testsuite hostname="INCHCMLP12064" failures="0" tests="2" name="testrunner.Testrunner" time="11.564" errors="1" timestamp="2022-09-02T14:15:54 IST" skipped="0">
  <testcase classname="testrunner.Testrunner" name="runScenario" time="11.539"/>
  <system-out/>
  <testcase classname="testrunner.Testrunner" name="runScenario" time="0.025">
    <error type="java.lang.NullPointerException">
      <![CDATA[java.lang.NullPointerException
at stepdefiniton.ConfirmationSteps.user_entered_the_following_details(ConfirmationSteps.java:29)
at ✽.user entered the following details(file:///C:/Users/sv00810786/eclipse-workspace/FlightBooking/src/test/java/features/booking.feature:10)
]]>
    </error>
  </testcase> <!-- runScenario -->
  <system-out/>
</testsuite> <!-- testrunner.Testrunner -->
